2025-11-14T01:02:18.709+07:00  INFO 21432 --- [drone-service] [restartedMain] c.f.d.DroneServiceApplication            : Starting DroneServiceApplication using Java 21.0.7 with PID 21432 (C:\Users\THUY LINH\Desktop\vy\CNPM\CNPM\DoAnCNPM_Backend\drone_service\target\classes started by THUY LINH in C:\Users\THUY LINH\Desktop\vy\CNPM\CNPM\DoAnCNPM_Backend\drone_service)
2025-11-14T01:02:18.725+07:00 DEBUG 21432 --- [drone-service] [restartedMain] c.f.d.DroneServiceApplication            : Running with Spring Boot v3.3.4, Spring v6.1.13
2025-11-14T01:02:18.727+07:00  INFO 21432 --- [drone-service] [restartedMain] c.f.d.DroneServiceApplication            : No active profile set, falling back to 1 default profile: "default"
2025-11-14T01:02:18.796+07:00  INFO 21432 --- [drone-service] [restartedMain] .e.DevToolsPropertyDefaultsPostProcessor : Devtools property defaults active! Set 'spring.devtools.add-properties' to 'false' to disable
2025-11-14T01:02:18.796+07:00  INFO 21432 --- [drone-service] [restartedMain] .e.DevToolsPropertyDefaultsPostProcessor : For additional web related logging consider setting the 'logging.level.web' property to 'DEBUG'
2025-11-14T01:02:19.988+07:00  INFO 21432 --- [drone-service] [restartedMain] .s.d.r.c.RepositoryConfigurationDelegate : Bootstrapping Spring Data JPA repositories in DEFAULT mode.
2025-11-14T01:02:20.175+07:00  INFO 21432 --- [drone-service] [restartedMain] .s.d.r.c.RepositoryConfigurationDelegate : Finished Spring Data repository scanning in 175 ms. Found 1 JPA repository interface.
2025-11-14T01:02:20.559+07:00  INFO 21432 --- [drone-service] [restartedMain] o.s.cloud.context.scope.GenericScope     : BeanFactory id=8a60d592-6c9d-31a6-ba6e-6b8a2a301271
2025-11-14T01:02:20.742+07:00  WARN 21432 --- [drone-service] [restartedMain] trationDelegate$BeanPostProcessorChecker : Bean 'org.springframework.cloud.client.loadbalancer.LoadBalancerAutoConfiguration$DeferringLoadBalancerInterceptorConfig' of type [org.springframework.cloud.client.loadbalancer.LoadBalancerAutoConfiguration$DeferringLoadBalancerInterceptorConfig] is not eligible for getting processed by all BeanPostProcessors (for example: not eligible for auto-proxying). The currently created BeanPostProcessor [lbRestClientPostProcessor] is declared through a non-static factory method on that class; consider declaring it as static instead.
2025-11-14T01:02:20.746+07:00  WARN 21432 --- [drone-service] [restartedMain] trationDelegate$BeanPostProcessorChecker : Bean 'deferringLoadBalancerInterceptor' of type [org.springframework.cloud.client.loadbalancer.DeferringLoadBalancerInterceptor] is not eligible for getting processed by all BeanPostProcessors (for example: not eligible for auto-proxying). Is this bean getting eagerly injected into a currently created BeanPostProcessor [lbRestClientPostProcessor]? Check the corresponding BeanPostProcessor declaration and its dependencies.
2025-11-14T01:02:21.437+07:00  INFO 21432 --- [drone-service] [restartedMain] o.s.b.w.embedded.tomcat.TomcatWebServer  : Tomcat initialized with port 8085 (http)
2025-11-14T01:02:21.463+07:00  INFO 21432 --- [drone-service] [restartedMain] o.apache.catalina.core.StandardService   : Starting service [Tomcat]
2025-11-14T01:02:21.465+07:00  INFO 21432 --- [drone-service] [restartedMain] o.apache.catalina.core.StandardEngine    : Starting Servlet engine: [Apache Tomcat/10.1.30]
2025-11-14T01:02:21.563+07:00  INFO 21432 --- [drone-service] [restartedMain] o.a.c.c.C.[Tomcat].[localhost].[/]       : Initializing Spring embedded WebApplicationContext
2025-11-14T01:02:21.563+07:00  INFO 21432 --- [drone-service] [restartedMain] w.s.c.ServletWebServerApplicationContext : Root WebApplicationContext: initialization completed in 2766 ms
2025-11-14T01:02:21.863+07:00  INFO 21432 --- [drone-service] [restartedMain] o.hibernate.jpa.internal.util.LogHelper  : HHH000204: Processing PersistenceUnitInfo [name: default]
2025-11-14T01:02:22.004+07:00  INFO 21432 --- [drone-service] [restartedMain] org.hibernate.Version                    : HHH000412: Hibernate ORM core version 6.5.3.Final
2025-11-14T01:02:22.085+07:00  INFO 21432 --- [drone-service] [restartedMain] o.h.c.internal.RegionFactoryInitiator    : HHH000026: Second-level cache disabled
2025-11-14T01:02:22.666+07:00  INFO 21432 --- [drone-service] [restartedMain] o.s.o.j.p.SpringPersistenceUnitInfo      : No LoadTimeWeaver setup: ignoring JPA class transformer
2025-11-14T01:02:22.722+07:00  INFO 21432 --- [drone-service] [restartedMain] com.zaxxer.hikari.HikariDataSource       : HikariPool-1 - Starting...
2025-11-14T01:02:23.200+07:00  INFO 21432 --- [drone-service] [restartedMain] com.zaxxer.hikari.pool.HikariPool        : HikariPool-1 - Added connection org.postgresql.jdbc.PgConnection@45b4e14c
2025-11-14T01:02:23.202+07:00  INFO 21432 --- [drone-service] [restartedMain] com.zaxxer.hikari.HikariDataSource       : HikariPool-1 - Start completed.
2025-11-14T01:02:23.320+07:00  WARN 21432 --- [drone-service] [restartedMain] org.hibernate.orm.deprecation            : HHH90000025: PostgreSQLDialect does not need to be specified explicitly using 'hibernate.dialect' (remove the property setting and it will be selected by default)
2025-11-14T01:02:24.803+07:00  INFO 21432 --- [drone-service] [restartedMain] o.h.e.t.j.p.i.JtaPlatformInitiator       : HHH000489: No JTA platform available (set 'hibernate.transaction.jta.platform' to enable JTA platform integration)
2025-11-14T01:02:24.945+07:00  INFO 21432 --- [drone-service] [restartedMain] j.LocalContainerEntityManagerFactoryBean : Initialized JPA EntityManagerFactory for persistence unit 'default'
2025-11-14T01:02:25.513+07:00  WARN 21432 --- [drone-service] [restartedMain] JpaBaseConfiguration$JpaWebConfiguration : spring.jpa.open-in-view is enabled by default. Therefore, database queries may be performed during view rendering. Explicitly configure spring.jpa.open-in-view to disable this warning
2025-11-14T01:02:25.876+07:00  INFO 21432 --- [drone-service] [restartedMain] o.s.b.d.a.OptionalLiveReloadServer       : LiveReload server is running on port 35729
2025-11-14T01:02:26.910+07:00  INFO 21432 --- [drone-service] [restartedMain] o.s.cloud.commons.util.InetUtils         : Cannot determine local hostname
2025-11-14T01:02:27.959+07:00  INFO 21432 --- [drone-service] [restartedMain] o.s.cloud.commons.util.InetUtils         : Cannot determine local hostname
2025-11-14T01:02:27.986+07:00  INFO 21432 --- [drone-service] [restartedMain] DiscoveryClientOptionalArgsConfiguration : Eureka HTTP Client uses RestTemplate.
2025-11-14T01:02:28.027+07:00  WARN 21432 --- [drone-service] [restartedMain] iguration$LoadBalancerCaffeineWarnLogger : Spring Cloud LoadBalancer is currently working with the default cache. While this cache implementation is useful for development and tests, it's recommended to use Caffeine cache in production.You can switch to using Caffeine cache, by adding it and org.springframework.cache.caffeine.CaffeineCacheManager to the classpath.
2025-11-14T01:02:28.054+07:00  INFO 21432 --- [drone-service] [restartedMain] o.s.c.n.eureka.InstanceInfoFactory       : Setting initial instance status as: STARTING
2025-11-14T01:02:28.079+07:00  INFO 21432 --- [drone-service] [restartedMain] com.netflix.discovery.DiscoveryClient    : Initializing Eureka in region us-east-1
2025-11-14T01:02:28.084+07:00  INFO 21432 --- [drone-service] [restartedMain] c.n.d.s.r.aws.ConfigClusterResolver      : Resolving eureka endpoints via configuration
2025-11-14T01:02:28.092+07:00  INFO 21432 --- [drone-service] [restartedMain] com.netflix.discovery.DiscoveryClient    : Disable delta property : false
2025-11-14T01:02:28.093+07:00  INFO 21432 --- [drone-service] [restartedMain] com.netflix.discovery.DiscoveryClient    : Single vip registry refresh property : null
2025-11-14T01:02:28.093+07:00  INFO 21432 --- [drone-service] [restartedMain] com.netflix.discovery.DiscoveryClient    : Force full registry fetch : false
2025-11-14T01:02:28.093+07:00  INFO 21432 --- [drone-service] [restartedMain] com.netflix.discovery.DiscoveryClient    : Application is null : false
2025-11-14T01:02:28.093+07:00  INFO 21432 --- [drone-service] [restartedMain] com.netflix.discovery.DiscoveryClient    : Registered Applications size is zero : true
2025-11-14T01:02:28.094+07:00  INFO 21432 --- [drone-service] [restartedMain] com.netflix.discovery.DiscoveryClient    : Application version is -1: true
2025-11-14T01:02:28.094+07:00  INFO 21432 --- [drone-service] [restartedMain] com.netflix.discovery.DiscoveryClient    : Getting all instance registry info from the eureka server
2025-11-14T01:02:28.487+07:00  INFO 21432 --- [drone-service] [restartedMain] com.netflix.discovery.DiscoveryClient    : The response status is 200
2025-11-14T01:02:28.490+07:00  INFO 21432 --- [drone-service] [restartedMain] com.netflix.discovery.DiscoveryClient    : Starting heartbeat executor: renew interval is: 30
2025-11-14T01:02:28.492+07:00  INFO 21432 --- [drone-service] [restartedMain] c.n.discovery.InstanceInfoReplicator     : InstanceInfoReplicator onDemand update allowed rate per min is 4
2025-11-14T01:02:28.496+07:00  INFO 21432 --- [drone-service] [restartedMain] com.netflix.discovery.DiscoveryClient    : Discovery Client initialized at timestamp 1763056948494 with initial instances count: 3
2025-11-14T01:02:28.505+07:00  INFO 21432 --- [drone-service] [restartedMain] o.s.c.n.e.s.EurekaServiceRegistry        : Registering application DRONE-SERVICE with eureka with status UP
2025-11-14T01:02:28.506+07:00  INFO 21432 --- [drone-service] [restartedMain] com.netflix.discovery.DiscoveryClient    : Saw local status change event StatusChangeEvent [timestamp=1763056948506, current=UP, previous=STARTING]
2025-11-14T01:02:28.508+07:00  INFO 21432 --- [drone-service] [DiscoveryClient-InstanceInfoReplicator-%d] com.netflix.discovery.DiscoveryClient    : DiscoveryClient_DRONE-SERVICE/localhost:drone-service:8085: registering service...
2025-11-14T01:02:28.542+07:00  INFO 21432 --- [drone-service] [restartedMain] o.s.b.w.embedded.tomcat.TomcatWebServer  : Tomcat started on port 8085 (http) with context path '/'
2025-11-14T01:02:28.543+07:00  INFO 21432 --- [drone-service] [restartedMain] .s.c.n.e.s.EurekaAutoServiceRegistration : Updating port to 8085
2025-11-14T01:02:28.665+07:00  INFO 21432 --- [drone-service] [DiscoveryClient-InstanceInfoReplicator-%d] com.netflix.discovery.DiscoveryClient    : DiscoveryClient_DRONE-SERVICE/localhost:drone-service:8085 - registration status: 204
2025-11-14T01:02:29.552+07:00  INFO 21432 --- [drone-service] [restartedMain] o.s.cloud.commons.util.InetUtils         : Cannot determine local hostname
2025-11-14T01:02:29.554+07:00  INFO 21432 --- [drone-service] [restartedMain] o.s.m.s.b.SimpleBrokerMessageHandler     : Starting...
2025-11-14T01:02:29.555+07:00  INFO 21432 --- [drone-service] [restartedMain] o.s.m.s.b.SimpleBrokerMessageHandler     : BrokerAvailabilityEvent[available=true, SimpleBrokerMessageHandler [org.springframework.messaging.simp.broker.DefaultSubscriptionRegistry@1118f7bf]]
2025-11-14T01:02:29.556+07:00  INFO 21432 --- [drone-service] [restartedMain] o.s.m.s.b.SimpleBrokerMessageHandler     : Started.
2025-11-14T01:02:29.567+07:00  INFO 21432 --- [drone-service] [restartedMain] c.f.d.DroneServiceApplication            : Started DroneServiceApplication in 12.552 seconds (process running for 13.653)
2025-11-14T01:03:28.076+07:00  INFO 21432 --- [drone-service] [MessageBroker-1] o.s.w.s.c.WebSocketMessageBrokerStats    : WebSocketSession[0 current WS(0)-HttpStream(0)-HttpPoll(0), 0 total, 0 closed abnormally (0 connect failure, 0 send limit, 0 transport error)], stompSubProtocol[processed CONNECT(0)-CONNECTED(0)-DISCONNECT(0)], stompBrokerRelay[null], inboundChannel[pool size = 0, active threads = 0, queued tasks = 0, completed tasks = 0], outboundChannel[pool size = 0, active threads = 0, queued tasks = 0, completed tasks = 0], sockJsScheduler[pool size = 8, active threads = 1, queued tasks = 1, completed tasks = 30]
2025-11-14T01:07:28.121+07:00  INFO 21432 --- [drone-service] [AsyncResolver-bootstrap-executor-%d] c.n.d.s.r.aws.ConfigClusterResolver      : Resolving eureka endpoints via configuration
2025-11-14T01:12:28.205+07:00  INFO 21432 --- [drone-service] [AsyncResolver-bootstrap-executor-%d] c.n.d.s.r.aws.ConfigClusterResolver      : Resolving eureka endpoints via configuration
2025-11-14T01:17:28.240+07:00  INFO 21432 --- [drone-service] [AsyncResolver-bootstrap-executor-%d] c.n.d.s.r.aws.ConfigClusterResolver      : Resolving eureka endpoints via configuration
2025-11-14T01:22:28.267+07:00  INFO 21432 --- [drone-service] [AsyncResolver-bootstrap-executor-%d] c.n.d.s.r.aws.ConfigClusterResolver      : Resolving eureka endpoints via configuration
2025-11-14T01:27:28.298+07:00  INFO 21432 --- [drone-service] [AsyncResolver-bootstrap-executor-%d] c.n.d.s.r.aws.ConfigClusterResolver      : Resolving eureka endpoints via configuration
2025-11-14T01:32:28.324+07:00  INFO 21432 --- [drone-service] [AsyncResolver-bootstrap-executor-%d] c.n.d.s.r.aws.ConfigClusterResolver      : Resolving eureka endpoints via configuration
